<?xml version="1.0" encoding="UTF-8"?>
<testsuites name="jest tests" tests="2" failures="0" errors="0" time="0.87">
  <testsuite name="checking folder and files creation" errors="0" failures="0" skipped="0" timestamp="2023-12-05T17:14:46" time="0.784" tests="2">
    <testcase classname="checking folder and files creation based on the example folder" name="checking folder and files creation based on the example folder" time="0.004">
    </testcase>
    <testcase classname="checking folder and files creation based on the example folder plus requested new language" name="checking folder and files creation based on the example folder plus requested new language" time="0.001">
    </testcase>
  </testsuite>
</testsuites>